0 info it worked if it ends with ok
1 verbose cli [ 'C:\\Program Files\\nodejs\\node.exe',
1 verbose cli   'C:\\Users\\dimitri\\AppData\\Roaming\\npm\\node_modules\\npm\\bin\\npm-cli.js',
1 verbose cli   'v' ]
2 info using npm@3.6.0
3 info using node@v6.9.4
4 silly mapToRegistry name javascript-development-environment
5 silly mapToRegistry using default registry
6 silly mapToRegistry registry https://registry.npmjs.org/
7 silly mapToRegistry uri https://registry.npmjs.org/javascript-development-environment
8 verbose request uri https://registry.npmjs.org/javascript-development-environment
9 verbose request no auth needed
10 info attempt registry request try #1 at 12:02:02 AM
11 verbose request id 816b4daf0a81743c
12 http request GET https://registry.npmjs.org/javascript-development-environment
13 http 404 https://registry.npmjs.org/javascript-development-environment
14 verbose headers { 'content-type': 'application/json',
14 verbose headers   'cache-control': 'max-age=0',
14 verbose headers   'content-length': '2',
14 verbose headers   'accept-ranges': 'bytes',
14 verbose headers   date: 'Thu, 23 Feb 2017 05:02:01 GMT',
14 verbose headers   via: '1.1 varnish',
14 verbose headers   age: '0',
14 verbose headers   connection: 'keep-alive',
14 verbose headers   'x-served-by': 'cache-atl6220-ATL',
14 verbose headers   'x-cache': 'MISS',
14 verbose headers   'x-cache-hits': '0',
14 verbose headers   'x-timer': 'S1487826121.843616,VS0,VE152',
14 verbose headers   vary: 'Accept-Encoding' }
15 silly get cb [ 404,
15 silly get   { 'content-type': 'application/json',
15 silly get     'cache-control': 'max-age=0',
15 silly get     'content-length': '2',
15 silly get     'accept-ranges': 'bytes',
15 silly get     date: 'Thu, 23 Feb 2017 05:02:01 GMT',
15 silly get     via: '1.1 varnish',
15 silly get     age: '0',
15 silly get     connection: 'keep-alive',
15 silly get     'x-served-by': 'cache-atl6220-ATL',
15 silly get     'x-cache': 'MISS',
15 silly get     'x-cache-hits': '0',
15 silly get     'x-timer': 'S1487826121.843616,VS0,VE152',
15 silly get     vary: 'Accept-Encoding' } ]
16 verbose stack Error: Registry returned 404 for GET on https://registry.npmjs.org/javascript-development-environment
16 verbose stack     at makeError (C:\Users\dimitri\AppData\Roaming\npm\node_modules\npm\node_modules\npm-registry-client\lib\request.js:264:12)
16 verbose stack     at CachingRegistryClient.<anonymous> (C:\Users\dimitri\AppData\Roaming\npm\node_modules\npm\node_modules\npm-registry-client\lib\request.js:242:14)
16 verbose stack     at Request._callback (C:\Users\dimitri\AppData\Roaming\npm\node_modules\npm\node_modules\npm-registry-client\lib\request.js:172:14)
16 verbose stack     at Request.self.callback (C:\Users\dimitri\AppData\Roaming\npm\node_modules\npm\node_modules\request\request.js:198:22)
16 verbose stack     at emitTwo (events.js:106:13)
16 verbose stack     at Request.emit (events.js:191:7)
16 verbose stack     at Request.<anonymous> (C:\Users\dimitri\AppData\Roaming\npm\node_modules\npm\node_modules\request\request.js:1035:10)
16 verbose stack     at emitOne (events.js:101:20)
16 verbose stack     at Request.emit (events.js:188:7)
16 verbose stack     at IncomingMessage.<anonymous> (C:\Users\dimitri\AppData\Roaming\npm\node_modules\npm\node_modules\request\request.js:962:12)
17 verbose statusCode 404
18 verbose pkgid javascript-development-environment
19 verbose cwd C:\Users\dimitri\Websites\gitHub\js-dev-env
20 error Windows_NT 10.0.14393
21 error argv "C:\\Program Files\\nodejs\\node.exe" "C:\\Users\\dimitri\\AppData\\Roaming\\npm\\node_modules\\npm\\bin\\npm-cli.js" "v"
22 error node v6.9.4
23 error npm  v3.6.0
24 error code E404
25 error 404 Registry returned 404 for GET on https://registry.npmjs.org/javascript-development-environment
26 error 404
27 error 404 'javascript-development-environment' is not in the npm registry.
28 error 404 You should bug the author to publish it (or use the name yourself!)
29 error 404 Note that you can also install from a
30 error 404 tarball, folder, http url, or git url.
31 verbose exit [ 1, true ]
